<?xml version="1.0" encoding="UTF-8"?>
<!-- Generated by org.testng.reporters.JUnitReportReporter -->
<testsuite hostname="DESKTOP-LSFSGRJ" failures="0" tests="1" name="Autoamtion_Project.Autmation_Excercises_S5Group.LoginTests_happyScenario" time="23.277" errors="0" timestamp="2025-04-17T23:40:08 EET" skipped="0">
  <testcase classname="Autoamtion_Project.Autmation_Excercises_S5Group.LoginTests_happyScenario" name="f" time="23.277"/>
</testsuite> <!-- Autoamtion_Project.Autmation_Excercises_S5Group.LoginTests_happyScenario -->
