<?xml version="1.0" encoding="UTF-8"?>
<!-- Generated by org.testng.reporters.JUnitReportReporter -->
<testsuite hostname="DESKTOP-LSFSGRJ" failures="0" tests="1" name="Autoamtion_Project.Autmation_Excercises_S5Group.RegisterTests_happyScenario" time="18.900" errors="0" timestamp="2025-04-26T19:38:34 EEST" skipped="0">
  <testcase classname="Autoamtion_Project.Autmation_Excercises_S5Group.RegisterTests_happyScenario" name="testRegister_NewEmail_Mandaroty" time="18.900"/>
</testsuite> <!-- Autoamtion_Project.Autmation_Excercises_S5Group.RegisterTests_happyScenario -->
