<?xml version="1.0" encoding="UTF-8"?>
<!-- Generated by org.testng.reporters.JUnitReportReporter -->
<testsuite hostname="DESKTOP-LSFSGRJ" failures="0" tests="1" name="tests.ContactUs_happyScenario" time="12.041" errors="0" timestamp="2025-04-26T21:35:53 EEST" skipped="0">
  <testcase classname="tests.ContactUs_happyScenario" name="testContactUs_validData" time="12.041"/>
</testsuite> <!-- tests.ContactUs_happyScenario -->
