<?xml version="1.0" encoding="UTF-8"?>
<!-- Generated by org.testng.reporters.JUnitReportReporter -->
<testsuite hostname="DESKTOP-LSFSGRJ" failures="0" tests="1" name="Autoamtion_Project.Autmation_Excercises_S5Group.RegisterTests_negativeScenario" time="16.832" errors="0" timestamp="2025-04-26T19:42:09 EEST" skipped="0">
  <testcase classname="Autoamtion_Project.Autmation_Excercises_S5Group.RegisterTests_negativeScenario" name="testRegister_ExistEmail" time="16.832"/>
</testsuite> <!-- Autoamtion_Project.Autmation_Excercises_S5Group.RegisterTests_negativeScenario -->
