<?xml version="1.0" encoding="UTF-8"?>
<!-- Generated by org.testng.reporters.JUnitReportReporter -->
<testsuite hostname="DESKTOP-LSFSGRJ" failures="0" tests="1" name="tests.LoginTests_happyScenario" time="16.864" errors="0" timestamp="2025-04-26T20:52:37 EEST" skipped="0">
  <testcase classname="tests.LoginTests_happyScenario" name="testLogin_CorrectEmailAndPassword" time="16.864"/>
</testsuite> <!-- tests.LoginTests_happyScenario -->
